2025-11-13 20:25:20,432 - httpx - INFO - HTTP Request: POST https://api.telegram.org/botyour_bot_token/getMe "HTTP/1.1 404 Not Found"
2025-11-13 20:50:05,324 - httpx - INFO - HTTP Request: POST https://api.telegram.org/bot6989314742:AAGx2Kj8MmOSX__ZwNlI1m_hJrh4uhO_JuU/getMe "HTTP/1.1 200 OK"
2025-11-13 20:50:05,509 - apscheduler.scheduler - INFO - Adding job tentatively -- it will be properly scheduled when the scheduler starts
2025-11-13 20:50:05,509 - apscheduler.scheduler - INFO - Adding job tentatively -- it will be properly scheduled when the scheduler starts
2025-11-13 20:50:05,509 - apscheduler.scheduler - INFO - Added job "reset_daily_quotas" to job store "default"
2025-11-13 20:50:05,509 - apscheduler.scheduler - INFO - Added job "cleanup_old_content" to job store "default"
2025-11-13 20:50:05,509 - apscheduler.scheduler - INFO - Scheduler started
2025-11-13 20:50:05,625 - httpx - INFO - HTTP Request: POST https://api.telegram.org/bot6989314742:AAGx2Kj8MmOSX__ZwNlI1m_hJrh4uhO_JuU/deleteWebhook "HTTP/1.1 200 OK"
2025-11-13 20:50:05,625 - apscheduler.scheduler - INFO - Scheduler started
2025-11-13 20:50:05,625 - telegram.ext.Application - INFO - Application started
2025-11-13 20:50:15,925 - httpx - INFO - HTTP Request: POST https://api.telegram.org/bot6989314742:AAGx2Kj8MmOSX__ZwNlI1m_hJrh4uhO_JuU/getUpdates "HTTP/1.1 200 OK"
2025-11-13 20:50:16,371 - httpx - INFO - HTTP Request: POST https://api.telegram.org/bot6989314742:AAGx2Kj8MmOSX__ZwNlI1m_hJrh4uhO_JuU/getUpdates "HTTP/1.1 200 OK"
2025-11-13 20:50:16,712 - httpx - INFO - HTTP Request: POST https://api.telegram.org/bot6989314742:AAGx2Kj8MmOSX__ZwNlI1m_hJrh4uhO_JuU/sendMessage "HTTP/1.1 200 OK"
2025-11-13 20:50:26,505 - httpx - INFO - HTTP Request: POST https://api.telegram.org/bot6989314742:AAGx2Kj8MmOSX__ZwNlI1m_hJrh4uhO_JuU/getUpdates "HTTP/1.1 200 OK"
2025-11-13 20:50:27,057 - httpx - INFO - HTTP Request: POST https://api.telegram.org/bot6989314742:AAGx2Kj8MmOSX__ZwNlI1m_hJrh4uhO_JuU/getUpdates "HTTP/1.1 200 OK"
2025-11-13 20:50:27,461 - httpx - INFO - HTTP Request: POST https://api.telegram.org/bot6989314742:AAGx2Kj8MmOSX__ZwNlI1m_hJrh4uhO_JuU/sendMessage "HTTP/1.1 200 OK"
2025-11-13 20:50:37,169 - httpx - INFO - HTTP Request: POST https://api.telegram.org/bot6989314742:AAGx2Kj8MmOSX__ZwNlI1m_hJrh4uhO_JuU/getUpdates "HTTP/1.1 200 OK"
2025-11-13 20:50:44,058 - httpx - INFO - HTTP Request: POST https://api.telegram.org/bot6989314742:AAGx2Kj8MmOSX__ZwNlI1m_hJrh4uhO_JuU/getUpdates "HTTP/1.1 200 OK"
2025-11-13 20:50:54,177 - httpx - INFO - HTTP Request: POST https://api.telegram.org/bot6989314742:AAGx2Kj8MmOSX__ZwNlI1m_hJrh4uhO_JuU/getUpdates "HTTP/1.1 200 OK"
2025-11-13 20:51:04,473 - httpx - INFO - HTTP Request: POST https://api.telegram.org/bot6989314742:AAGx2Kj8MmOSX__ZwNlI1m_hJrh4uhO_JuU/getUpdates "HTTP/1.1 200 OK"
2025-11-13 20:51:07,789 - httpx - INFO - HTTP Request: POST https://api.telegram.org/bot6989314742:AAGx2Kj8MmOSX__ZwNlI1m_hJrh4uhO_JuU/getUpdates "HTTP/1.1 200 OK"
2025-11-13 20:51:17,886 - httpx - INFO - HTTP Request: POST https://api.telegram.org/bot6989314742:AAGx2Kj8MmOSX__ZwNlI1m_hJrh4uhO_JuU/getUpdates "HTTP/1.1 200 OK"
2025-11-13 20:51:26,950 - httpx - INFO - HTTP Request: POST https://api.telegram.org/bot6989314742:AAGx2Kj8MmOSX__ZwNlI1m_hJrh4uhO_JuU/getUpdates "HTTP/1.1 200 OK"
2025-11-13 20:51:27,327 - httpx - INFO - HTTP Request: POST https://api.telegram.org/bot6989314742:AAGx2Kj8MmOSX__ZwNlI1m_hJrh4uhO_JuU/sendMessage "HTTP/1.1 200 OK"
2025-11-13 20:51:27,485 - httpx - INFO - HTTP Request: POST https://api.telegram.org/bot6989314742:AAGx2Kj8MmOSX__ZwNlI1m_hJrh4uhO_JuU/sendMessage "HTTP/1.1 200 OK"
2025-11-13 20:51:36,402 - httpx - INFO - HTTP Request: POST https://api.telegram.org/bot6989314742:AAGx2Kj8MmOSX__ZwNlI1m_hJrh4uhO_JuU/getUpdates "HTTP/1.1 200 OK"
2025-11-13 20:51:37,544 - httpx - INFO - HTTP Request: POST https://api.telegram.org/bot6989314742:AAGx2Kj8MmOSX__ZwNlI1m_hJrh4uhO_JuU/sendMessage "HTTP/1.1 200 OK"
2025-11-13 20:51:44,693 - httpx - INFO - HTTP Request: POST https://api.telegram.org/bot6989314742:AAGx2Kj8MmOSX__ZwNlI1m_hJrh4uhO_JuU/getUpdates "HTTP/1.1 200 OK"
2025-11-13 20:51:46,053 - httpx - INFO - HTTP Request: POST https://api.telegram.org/bot6989314742:AAGx2Kj8MmOSX__ZwNlI1m_hJrh4uhO_JuU/sendMessage "HTTP/1.1 200 OK"
2025-11-13 20:51:55,020 - httpx - INFO - HTTP Request: POST https://api.telegram.org/bot6989314742:AAGx2Kj8MmOSX__ZwNlI1m_hJrh4uhO_JuU/getUpdates "HTTP/1.1 200 OK"
2025-11-13 20:51:55,574 - httpx - INFO - HTTP Request: POST https://api.telegram.org/bot6989314742:AAGx2Kj8MmOSX__ZwNlI1m_hJrh4uhO_JuU/getUpdates "HTTP/1.1 200 OK"
2025-11-13 20:51:56,562 - httpx - INFO - HTTP Request: POST https://api.telegram.org/bot6989314742:AAGx2Kj8MmOSX__ZwNlI1m_hJrh4uhO_JuU/sendMessage "HTTP/1.1 200 OK"
2025-11-13 20:52:05,876 - httpx - INFO - HTTP Request: POST https://api.telegram.org/bot6989314742:AAGx2Kj8MmOSX__ZwNlI1m_hJrh4uhO_JuU/getUpdates "HTTP/1.1 200 OK"
2025-11-13 20:52:15,973 - httpx - INFO - HTTP Request: POST https://api.telegram.org/bot6989314742:AAGx2Kj8MmOSX__ZwNlI1m_hJrh4uhO_JuU/getUpdates "HTTP/1.1 200 OK"
2025-11-13 20:52:26,201 - httpx - INFO - HTTP Request: POST https://api.telegram.org/bot6989314742:AAGx2Kj8MmOSX__ZwNlI1m_hJrh4uhO_JuU/getUpdates "HTTP/1.1 200 OK"
2025-11-13 20:52:36,506 - httpx - INFO - HTTP Request: POST https://api.telegram.org/bot6989314742:AAGx2Kj8MmOSX__ZwNlI1m_hJrh4uhO_JuU/getUpdates "HTTP/1.1 200 OK"
2025-11-13 20:52:46,830 - httpx - INFO - HTTP Request: POST https://api.telegram.org/bot6989314742:AAGx2Kj8MmOSX__ZwNlI1m_hJrh4uhO_JuU/getUpdates "HTTP/1.1 200 OK"
2025-11-13 20:52:57,133 - httpx - INFO - HTTP Request: POST https://api.telegram.org/bot6989314742:AAGx2Kj8MmOSX__ZwNlI1m_hJrh4uhO_JuU/getUpdates "HTTP/1.1 200 OK"
2025-11-13 20:53:07,453 - httpx - INFO - HTTP Request: POST https://api.telegram.org/bot6989314742:AAGx2Kj8MmOSX__ZwNlI1m_hJrh4uhO_JuU/getUpdates "HTTP/1.1 200 OK"
2025-11-13 20:53:17,798 - httpx - INFO - HTTP Request: POST https://api.telegram.org/bot6989314742:AAGx2Kj8MmOSX__ZwNlI1m_hJrh4uhO_JuU/getUpdates "HTTP/1.1 200 OK"
2025-11-13 20:53:28,135 - httpx - INFO - HTTP Request: POST https://api.telegram.org/bot6989314742:AAGx2Kj8MmOSX__ZwNlI1m_hJrh4uhO_JuU/getUpdates "HTTP/1.1 200 OK"
2025-11-13 20:53:38,232 - httpx - INFO - HTTP Request: POST https://api.telegram.org/bot6989314742:AAGx2Kj8MmOSX__ZwNlI1m_hJrh4uhO_JuU/getUpdates "HTTP/1.1 200 OK"
2025-11-13 20:53:48,320 - httpx - INFO - HTTP Request: POST https://api.telegram.org/bot6989314742:AAGx2Kj8MmOSX__ZwNlI1m_hJrh4uhO_JuU/getUpdates "HTTP/1.1 200 OK"
2025-11-13 20:53:58,619 - httpx - INFO - HTTP Request: POST https://api.telegram.org/bot6989314742:AAGx2Kj8MmOSX__ZwNlI1m_hJrh4uhO_JuU/getUpdates "HTTP/1.1 200 OK"
2025-11-13 20:54:08,717 - httpx - INFO - HTTP Request: POST https://api.telegram.org/bot6989314742:AAGx2Kj8MmOSX__ZwNlI1m_hJrh4uhO_JuU/getUpdates "HTTP/1.1 200 OK"
2025-11-13 20:54:18,826 - httpx - INFO - HTTP Request: POST https://api.telegram.org/bot6989314742:AAGx2Kj8MmOSX__ZwNlI1m_hJrh4uhO_JuU/getUpdates "HTTP/1.1 200 OK"
2025-11-13 20:54:29,128 - httpx - INFO - HTTP Request: POST https://api.telegram.org/bot6989314742:AAGx2Kj8MmOSX__ZwNlI1m_hJrh4uhO_JuU/getUpdates "HTTP/1.1 200 OK"
2025-11-13 20:54:39,504 - httpx - INFO - HTTP Request: POST https://api.telegram.org/bot6989314742:AAGx2Kj8MmOSX__ZwNlI1m_hJrh4uhO_JuU/getUpdates "HTTP/1.1 200 OK"
2025-11-13 20:54:49,800 - httpx - INFO - HTTP Request: POST https://api.telegram.org/bot6989314742:AAGx2Kj8MmOSX__ZwNlI1m_hJrh4uhO_JuU/getUpdates "HTTP/1.1 200 OK"
2025-11-13 20:55:00,109 - httpx - INFO - HTTP Request: POST https://api.telegram.org/bot6989314742:AAGx2Kj8MmOSX__ZwNlI1m_hJrh4uhO_JuU/getUpdates "HTTP/1.1 200 OK"
2025-11-13 20:55:10,380 - httpx - INFO - HTTP Request: POST https://api.telegram.org/bot6989314742:AAGx2Kj8MmOSX__ZwNlI1m_hJrh4uhO_JuU/getUpdates "HTTP/1.1 200 OK"
2025-11-13 20:55:20,463 - httpx - INFO - HTTP Request: POST https://api.telegram.org/bot6989314742:AAGx2Kj8MmOSX__ZwNlI1m_hJrh4uhO_JuU/getUpdates "HTTP/1.1 200 OK"
2025-11-13 20:55:30,736 - httpx - INFO - HTTP Request: POST https://api.telegram.org/bot6989314742:AAGx2Kj8MmOSX__ZwNlI1m_hJrh4uhO_JuU/getUpdates "HTTP/1.1 200 OK"
2025-11-13 20:55:40,830 - httpx - INFO - HTTP Request: POST https://api.telegram.org/bot6989314742:AAGx2Kj8MmOSX__ZwNlI1m_hJrh4uhO_JuU/getUpdates "HTTP/1.1 200 OK"
2025-11-13 20:55:50,928 - httpx - INFO - HTTP Request: POST https://api.telegram.org/bot6989314742:AAGx2Kj8MmOSX__ZwNlI1m_hJrh4uhO_JuU/getUpdates "HTTP/1.1 200 OK"
2025-11-13 20:56:01,030 - httpx - INFO - HTTP Request: POST https://api.telegram.org/bot6989314742:AAGx2Kj8MmOSX__ZwNlI1m_hJrh4uhO_JuU/getUpdates "HTTP/1.1 200 OK"
2025-11-13 20:56:11,337 - httpx - INFO - HTTP Request: POST https://api.telegram.org/bot6989314742:AAGx2Kj8MmOSX__ZwNlI1m_hJrh4uhO_JuU/getUpdates "HTTP/1.1 200 OK"
2025-11-13 20:56:21,686 - httpx - INFO - HTTP Request: POST https://api.telegram.org/bot6989314742:AAGx2Kj8MmOSX__ZwNlI1m_hJrh4uhO_JuU/getUpdates "HTTP/1.1 200 OK"
2025-11-13 20:56:40,768 - httpx - INFO - HTTP Request: POST https://api.telegram.org/bot6989314742:AAGx2Kj8MmOSX__ZwNlI1m_hJrh4uhO_JuU/getUpdates "HTTP/1.1 200 OK"
2025-11-13 20:56:51,004 - httpx - INFO - HTTP Request: POST https://api.telegram.org/bot6989314742:AAGx2Kj8MmOSX__ZwNlI1m_hJrh4uhO_JuU/getUpdates "HTTP/1.1 200 OK"
2025-11-13 20:57:01,336 - httpx - INFO - HTTP Request: POST https://api.telegram.org/bot6989314742:AAGx2Kj8MmOSX__ZwNlI1m_hJrh4uhO_JuU/getUpdates "HTTP/1.1 200 OK"
2025-11-13 20:57:11,554 - httpx - INFO - HTTP Request: POST https://api.telegram.org/bot6989314742:AAGx2Kj8MmOSX__ZwNlI1m_hJrh4uhO_JuU/getUpdates "HTTP/1.1 200 OK"
2025-11-13 20:57:21,888 - httpx - INFO - HTTP Request: POST https://api.telegram.org/bot6989314742:AAGx2Kj8MmOSX__ZwNlI1m_hJrh4uhO_JuU/getUpdates "HTTP/1.1 200 OK"
2025-11-13 20:57:31,984 - httpx - INFO - HTTP Request: POST https://api.telegram.org/bot6989314742:AAGx2Kj8MmOSX__ZwNlI1m_hJrh4uhO_JuU/getUpdates "HTTP/1.1 200 OK"
2025-11-13 20:57:42,082 - httpx - INFO - HTTP Request: POST https://api.telegram.org/bot6989314742:AAGx2Kj8MmOSX__ZwNlI1m_hJrh4uhO_JuU/getUpdates "HTTP/1.1 200 OK"
2025-11-13 20:57:52,236 - httpx - INFO - HTTP Request: POST https://api.telegram.org/bot6989314742:AAGx2Kj8MmOSX__ZwNlI1m_hJrh4uhO_JuU/getUpdates "HTTP/1.1 200 OK"
2025-11-13 20:58:02,327 - httpx - INFO - HTTP Request: POST https://api.telegram.org/bot6989314742:AAGx2Kj8MmOSX__ZwNlI1m_hJrh4uhO_JuU/getUpdates "HTTP/1.1 200 OK"
2025-11-13 20:58:12,641 - httpx - INFO - HTTP Request: POST https://api.telegram.org/bot6989314742:AAGx2Kj8MmOSX__ZwNlI1m_hJrh4uhO_JuU/getUpdates "HTTP/1.1 200 OK"
2025-11-13 20:58:22,734 - httpx - INFO - HTTP Request: POST https://api.telegram.org/bot6989314742:AAGx2Kj8MmOSX__ZwNlI1m_hJrh4uhO_JuU/getUpdates "HTTP/1.1 200 OK"
2025-11-13 20:58:32,948 - httpx - INFO - HTTP Request: POST https://api.telegram.org/bot6989314742:AAGx2Kj8MmOSX__ZwNlI1m_hJrh4uhO_JuU/getUpdates "HTTP/1.1 200 OK"
2025-11-13 20:58:43,032 - httpx - INFO - HTTP Request: POST https://api.telegram.org/bot6989314742:AAGx2Kj8MmOSX__ZwNlI1m_hJrh4uhO_JuU/getUpdates "HTTP/1.1 200 OK"
2025-11-13 20:58:53,251 - httpx - INFO - HTTP Request: POST https://api.telegram.org/bot6989314742:AAGx2Kj8MmOSX__ZwNlI1m_hJrh4uhO_JuU/getUpdates "HTTP/1.1 200 OK"
2025-11-13 20:59:03,568 - httpx - INFO - HTTP Request: POST https://api.telegram.org/bot6989314742:AAGx2Kj8MmOSX__ZwNlI1m_hJrh4uhO_JuU/getUpdates "HTTP/1.1 200 OK"
2025-11-13 20:59:13,860 - httpx - INFO - HTTP Request: POST https://api.telegram.org/bot6989314742:AAGx2Kj8MmOSX__ZwNlI1m_hJrh4uhO_JuU/getUpdates "HTTP/1.1 200 OK"
2025-11-13 20:59:24,168 - httpx - INFO - HTTP Request: POST https://api.telegram.org/bot6989314742:AAGx2Kj8MmOSX__ZwNlI1m_hJrh4uhO_JuU/getUpdates "HTTP/1.1 200 OK"
2025-11-13 20:59:34,274 - httpx - INFO - HTTP Request: POST https://api.telegram.org/bot6989314742:AAGx2Kj8MmOSX__ZwNlI1m_hJrh4uhO_JuU/getUpdates "HTTP/1.1 200 OK"
2025-11-13 20:59:44,639 - httpx - INFO - HTTP Request: POST https://api.telegram.org/bot6989314742:AAGx2Kj8MmOSX__ZwNlI1m_hJrh4uhO_JuU/getUpdates "HTTP/1.1 200 OK"
2025-11-13 20:59:54,747 - httpx - INFO - HTTP Request: POST https://api.telegram.org/bot6989314742:AAGx2Kj8MmOSX__ZwNlI1m_hJrh4uhO_JuU/getUpdates "HTTP/1.1 200 OK"
2025-11-13 21:00:04,841 - httpx - INFO - HTTP Request: POST https://api.telegram.org/bot6989314742:AAGx2Kj8MmOSX__ZwNlI1m_hJrh4uhO_JuU/getUpdates "HTTP/1.1 200 OK"
2025-11-13 21:00:14,955 - httpx - INFO - HTTP Request: POST https://api.telegram.org/bot6989314742:AAGx2Kj8MmOSX__ZwNlI1m_hJrh4uhO_JuU/getUpdates "HTTP/1.1 200 OK"
2025-11-13 21:00:25,048 - httpx - INFO - HTTP Request: POST https://api.telegram.org/bot6989314742:AAGx2Kj8MmOSX__ZwNlI1m_hJrh4uhO_JuU/getUpdates "HTTP/1.1 200 OK"
2025-11-13 21:00:35,131 - httpx - INFO - HTTP Request: POST https://api.telegram.org/bot6989314742:AAGx2Kj8MmOSX__ZwNlI1m_hJrh4uhO_JuU/getUpdates "HTTP/1.1 200 OK"
2025-11-13 21:00:45,235 - httpx - INFO - HTTP Request: POST https://api.telegram.org/bot6989314742:AAGx2Kj8MmOSX__ZwNlI1m_hJrh4uhO_JuU/getUpdates "HTTP/1.1 200 OK"
2025-11-13 21:00:55,503 - httpx - INFO - HTTP Request: POST https://api.telegram.org/bot6989314742:AAGx2Kj8MmOSX__ZwNlI1m_hJrh4uhO_JuU/getUpdates "HTTP/1.1 200 OK"
2025-11-13 21:01:05,707 - httpx - INFO - HTTP Request: POST https://api.telegram.org/bot6989314742:AAGx2Kj8MmOSX__ZwNlI1m_hJrh4uhO_JuU/getUpdates "HTTP/1.1 200 OK"
